<?xml version="1.0" encoding="UTF-8"?>
<!-- Generated by org.testng.reporters.JUnitXMLReporter -->
<testsuite hostname="Filip-PC" name="Test" tests="18" failures="0" timestamp="11 Nov 2020 18:28:12 GMT" time="53.713" errors="0">
  <testcase name="homepage" time="15.579" classname="project.Login"/>
  <testcase name="homepage" time="15.579" classname="project.Login"/>
  <testcase name="login" time="2.216" classname="project.Login"/>
  <testcase name="login" time="2.216" classname="project.Login"/>
  <testcase name="useCasesEnter" time="1.32" classname="project.EnterUseCasePage"/>
  <testcase name="useCasesEnter" time="1.32" classname="project.EnterUseCasePage"/>
  <testcase name="useCase1" time="8.71" classname="project.CreateUseCases"/>
  <testcase name="useCase1" time="8.71" classname="project.CreateUseCases"/>
  <testcase name="useCase2" time="5.33" classname="project.CreateUseCases"/>
  <testcase name="useCase2" time="5.33" classname="project.CreateUseCases"/>
  <testcase name="useCase3" time="4.72" classname="project.CreateUseCases"/>
  <testcase name="useCase3" time="4.72" classname="project.CreateUseCases"/>
  <testcase name="useCase4" time="5.955" classname="project.CreateUseCases"/>
  <testcase name="useCase4" time="5.955" classname="project.CreateUseCases"/>
  <testcase name="useCase1" time="8.383" classname="project.EditUseCases"/>
  <testcase name="useCase1" time="8.383" classname="project.EditUseCases"/>
  <testcase name="teardown" time="1.206" classname="project.TerminateBrowser"/>
  <testcase name="teardown" time="1.206" classname="project.TerminateBrowser"/>
</testsuite> <!-- Test -->
