<?xml version="1.0" encoding="UTF-8"?>
<!-- Generated by org.testng.reporters.JUnitXMLReporter -->
<testsuite hostname="Filip-PC" failures="0" tests="9" name="Test" time="51.563" errors="0" timestamp="11 Nov 2020 18:32:52 GMT">
  <testcase classname="project.Login" name="homepage" time="17.119"/>
  <testcase classname="project.Login" name="login" time="2.563"/>
  <testcase classname="project.EnterUseCasePage" name="useCasesEnter" time="1.45"/>
  <testcase classname="project.CreateUseCases" name="useCase1" time="7.587"/>
  <testcase classname="project.CreateUseCases" name="useCase2" time="4.168"/>
  <testcase classname="project.CreateUseCases" name="useCase3" time="4.158"/>
  <testcase classname="project.CreateUseCases" name="useCase4" time="5.333"/>
  <testcase classname="project.EditUseCases" name="useCase1" time="8.068"/>
  <testcase classname="project.TerminateBrowser" name="teardown" time="1.007"/>
</testsuite> <!-- Test -->
