<?xml version="1.0" encoding="UTF-8"?>
<testng-results total="9" passed="9" failed="0" skipped="0">
  <reporter-output>
  </reporter-output>
  <suite started-at="2020-11-11T18:32:00Z" name="Suite" finished-at="2020-11-11T18:32:52Z" duration-ms="51563">
    <groups>
    </groups>
    <test started-at="2020-11-11T18:32:00Z" name="Test" finished-at="2020-11-11T18:32:52Z" duration-ms="51563">
      <class name="project.CreateUseCases">
        <test-method signature="useCase1()[pri:0, instance:project.CreateUseCases@5af3afd9]" started-at="2020-11-11T19:32:21Z" name="useCase1" finished-at="2020-11-11T19:32:29Z" duration-ms="7587" status="PASS">
          <reporter-output>
          </reporter-output>
        </test-method> <!-- useCase1 -->
        <test-method signature="useCase2()[pri:0, instance:project.CreateUseCases@5af3afd9]" started-at="2020-11-11T19:32:29Z" name="useCase2" finished-at="2020-11-11T19:32:33Z" duration-ms="4168" status="PASS">
          <reporter-output>
          </reporter-output>
        </test-method> <!-- useCase2 -->
        <test-method signature="useCase3()[pri:0, instance:project.CreateUseCases@5af3afd9]" started-at="2020-11-11T19:32:33Z" name="useCase3" finished-at="2020-11-11T19:32:37Z" duration-ms="4158" status="PASS">
          <reporter-output>
          </reporter-output>
        </test-method> <!-- useCase3 -->
        <test-method signature="useCase4()[pri:0, instance:project.CreateUseCases@5af3afd9]" started-at="2020-11-11T19:32:37Z" name="useCase4" finished-at="2020-11-11T19:32:42Z" duration-ms="5333" status="PASS">
          <reporter-output>
          </reporter-output>
        </test-method> <!-- useCase4 -->
      </class> <!-- project.CreateUseCases -->
      <class name="project.EnterUseCasePage">
        <test-method signature="useCasesEnter()[pri:0, instance:project.EnterUseCasePage@661972b0]" started-at="2020-11-11T19:32:20Z" name="useCasesEnter" finished-at="2020-11-11T19:32:21Z" duration-ms="1450" status="PASS">
          <reporter-output>
          </reporter-output>
        </test-method> <!-- useCasesEnter -->
      </class> <!-- project.EnterUseCasePage -->
      <class name="project.TerminateBrowser">
        <test-method signature="teardown()[pri:0, instance:project.TerminateBrowser@44ebcd03]" started-at="2020-11-11T19:32:51Z" name="teardown" finished-at="2020-11-11T19:32:52Z" duration-ms="1007" status="PASS">
          <reporter-output>
          </reporter-output>
        </test-method> <!-- teardown -->
      </class> <!-- project.TerminateBrowser -->
      <class name="project.EditUseCases">
        <test-method signature="useCase1()[pri:0, instance:project.EditUseCases@323b36e0]" started-at="2020-11-11T19:32:42Z" name="useCase1" finished-at="2020-11-11T19:32:51Z" duration-ms="8068" status="PASS">
          <reporter-output>
          </reporter-output>
        </test-method> <!-- useCase1 -->
      </class> <!-- project.EditUseCases -->
      <class name="project.Login">
        <test-method signature="homepage()[pri:0, instance:project.Login@74e52303]" started-at="2020-11-11T19:32:00Z" name="homepage" finished-at="2020-11-11T19:32:17Z" duration-ms="17119" status="PASS">
          <reporter-output>
          </reporter-output>
        </test-method> <!-- homepage -->
        <test-method signature="login()[pri:0, instance:project.Login@74e52303]" started-at="2020-11-11T19:32:17Z" name="login" finished-at="2020-11-11T19:32:20Z" duration-ms="2563" status="PASS">
          <reporter-output>
          </reporter-output>
        </test-method> <!-- login -->
      </class> <!-- project.Login -->
    </test> <!-- Test -->
  </suite> <!-- Suite -->
</testng-results>
