<?xml version="1.0" encoding="UTF-8"?>
<testsuite xmlns:xsi="http://www.w3.org/2001/XMLSchema-instance" xsi:schemaLocation="https://maven.apache.org/surefire/maven-surefire-plugin/xsd/surefire-test-report.xsd" name="TestSuite" time="54.2" tests="9" errors="0" skipped="0" failures="0">
  <properties>
[...]
</properties>
  <testcase name="homepage" classname="project.Login" time="17.083"/>
  <testcase name="login" classname="project.Login" time="2.559"/>
  <testcase name="useCasesEnter" classname="project.EnterUseCasePage" time="1.479"/>
  <testcase name="useCase1" classname="project.CreateUseCases" time="7.574"/>
  <testcase name="useCase2" classname="project.CreateUseCases" time="4.164"/>
  <testcase name="useCase3" classname="project.CreateUseCases" time="4.163"/>
  <testcase name="useCase4" classname="project.CreateUseCases" time="5.378"/>
  <testcase name="useCase1" classname="project.EditUseCases" time="8.039"/>
  <testcase name="teardown" classname="project.TerminateBrowser" time="0.985"/>
</testsuite>