<?xml version="1.0" encoding="UTF-8"?>
<testng-results skipped="0" failed="0" total="9" passed="9">
  <reporter-output>
  </reporter-output>
  <suite name="Suite" duration-ms="53713" started-at="2020-11-11T18:27:18Z" finished-at="2020-11-11T18:28:12Z">
    <groups>
    </groups>
    <test name="Test" duration-ms="53713" started-at="2020-11-11T18:27:18Z" finished-at="2020-11-11T18:28:12Z">
      <class name="project.CreateUseCases">
        <test-method status="PASS" signature="useCase1()[pri:0, instance:project.CreateUseCases@761956ac]" name="useCase1" duration-ms="8710" started-at="2020-11-11T19:27:38Z" finished-at="2020-11-11T19:27:46Z">
          <reporter-output>
          </reporter-output>
        </test-method> <!-- useCase1 -->
        <test-method status="PASS" signature="useCase2()[pri:0, instance:project.CreateUseCases@761956ac]" name="useCase2" duration-ms="5330" started-at="2020-11-11T19:27:46Z" finished-at="2020-11-11T19:27:52Z">
          <reporter-output>
          </reporter-output>
        </test-method> <!-- useCase2 -->
        <test-method status="PASS" signature="useCase3()[pri:0, instance:project.CreateUseCases@761956ac]" name="useCase3" duration-ms="4720" started-at="2020-11-11T19:27:52Z" finished-at="2020-11-11T19:27:56Z">
          <reporter-output>
          </reporter-output>
        </test-method> <!-- useCase3 -->
        <test-method status="PASS" signature="useCase4()[pri:0, instance:project.CreateUseCases@761956ac]" name="useCase4" duration-ms="5955" started-at="2020-11-11T19:27:56Z" finished-at="2020-11-11T19:28:02Z">
          <reporter-output>
          </reporter-output>
        </test-method> <!-- useCase4 -->
      </class> <!-- project.CreateUseCases -->
      <class name="project.EnterUseCasePage">
        <test-method status="PASS" signature="useCasesEnter()[pri:0, instance:project.EnterUseCasePage@2241f05b]" name="useCasesEnter" duration-ms="1320" started-at="2020-11-11T19:27:36Z" finished-at="2020-11-11T19:27:38Z">
          <reporter-output>
          </reporter-output>
        </test-method> <!-- useCasesEnter -->
      </class> <!-- project.EnterUseCasePage -->
      <class name="project.TerminateBrowser">
        <test-method status="PASS" signature="teardown()[pri:0, instance:project.TerminateBrowser@304d0259]" name="teardown" duration-ms="1206" started-at="2020-11-11T19:28:11Z" finished-at="2020-11-11T19:28:12Z">
          <reporter-output>
          </reporter-output>
        </test-method> <!-- teardown -->
      </class> <!-- project.TerminateBrowser -->
      <class name="project.Login">
        <test-method status="PASS" signature="homepage()[pri:0, instance:project.Login@18da4dd]" name="homepage" duration-ms="15579" started-at="2020-11-11T19:27:18Z" finished-at="2020-11-11T19:27:34Z">
          <reporter-output>
          </reporter-output>
        </test-method> <!-- homepage -->
        <test-method status="PASS" signature="login()[pri:0, instance:project.Login@18da4dd]" name="login" duration-ms="2216" started-at="2020-11-11T19:27:34Z" finished-at="2020-11-11T19:27:36Z">
          <reporter-output>
          </reporter-output>
        </test-method> <!-- login -->
      </class> <!-- project.Login -->
      <class name="project.EditUseCases">
        <test-method status="PASS" signature="useCase1()[pri:0, instance:project.EditUseCases@71978f46]" name="useCase1" duration-ms="8383" started-at="2020-11-11T19:28:02Z" finished-at="2020-11-11T19:28:11Z">
          <reporter-output>
          </reporter-output>
        </test-method> <!-- useCase1 -->
      </class> <!-- project.EditUseCases -->
    </test> <!-- Test -->
  </suite> <!-- Suite -->
</testng-results>
